{"D:\\tizon\\Documents\\Proyectos\\cosmere_api\\index.js": {"path":"D:\\tizon\\Documents\\Proyectos\\cosmere_api\\index.js","statementMap":{"0":{"start":{"line":1,"column":0},"end":{"line":1,"column":26}},"1":{"start":{"line":3,"column":16},"end":{"line":3,"column":34}},"2":{"start":{"line":4,"column":12},"end":{"line":4,"column":21}},"3":{"start":{"line":6,"column":13},"end":{"line":6,"column":28}},"4":{"start":{"line":7,"column":0},"end":{"line":7,"column":15}},"5":{"start":{"line":8,"column":0},"end":{"line":8,"column":46}},"6":{"start":{"line":9,"column":0},"end":{"line":9,"column":23}},"7":{"start":{"line":12,"column":14},"end":{"line":12,"column":39}},"8":{"start":{"line":13,"column":14},"end":{"line":13,"column":39}},"9":{"start":{"line":14,"column":15},"end":{"line":14,"column":42}},"10":{"start":{"line":15,"column":20},"end":{"line":15,"column":51}},"11":{"start":{"line":16,"column":19},"end":{"line":16,"column":49}},"12":{"start":{"line":17,"column":14},"end":{"line":17,"column":39}},"13":{"start":{"line":19,"column":17},"end":{"line":19,"column":49}},"14":{"start":{"line":20,"column":15},"end":{"line":20,"column":45}},"15":{"start":{"line":22,"column":0},"end":{"line":22,"column":14}},"16":{"start":{"line":23,"column":0},"end":{"line":23,"column":14}},"17":{"start":{"line":24,"column":0},"end":{"line":24,"column":15}},"18":{"start":{"line":25,"column":0},"end":{"line":25,"column":20}},"19":{"start":{"line":26,"column":0},"end":{"line":26,"column":19}},"20":{"start":{"line":27,"column":0},"end":{"line":27,"column":14}},"21":{"start":{"line":29,"column":0},"end":{"line":33,"column":2}},"22":{"start":{"line":30,"column":2},"end":{"line":32,"column":4}},"23":{"start":{"line":36,"column":0},"end":{"line":36,"column":17}},"24":{"start":{"line":38,"column":0},"end":{"line":38,"column":15}},"25":{"start":{"line":39,"column":0},"end":{"line":44,"column":3}},"26":{"start":{"line":40,"column":2},"end":{"line":40,"column":49}},"27":{"start":{"line":41,"column":2},"end":{"line":41,"column":68}},"28":{"start":{"line":42,"column":2},"end":{"line":42,"column":61}},"29":{"start":{"line":43,"column":2},"end":{"line":43,"column":9}},"30":{"start":{"line":46,"column":13},"end":{"line":46,"column":37}},"31":{"start":{"line":48,"column":15},"end":{"line":50,"column":2}},"32":{"start":{"line":49,"column":2},"end":{"line":49,"column":57}},"33":{"start":{"line":53,"column":0},"end":{"line":53,"column":32}}},"fnMap":{"0":{"name":"(anonymous_0)","decl":{"start":{"line":29,"column":13},"end":{"line":29,"column":14}},"loc":{"start":{"line":29,"column":27},"end":{"line":33,"column":1}},"line":29},"1":{"name":"(anonymous_1)","decl":{"start":{"line":39,"column":8},"end":{"line":39,"column":9}},"loc":{"start":{"line":39,"column":28},"end":{"line":44,"column":1}},"line":39},"2":{"name":"(anonymous_2)","decl":{"start":{"line":48,"column":32},"end":{"line":48,"column":33}},"loc":{"start":{"line":48,"column":38},"end":{"line":50,"column":1}},"line":48}},"branchMap":{"0":{"loc":{"start":{"line":46,"column":13},"end":{"line":46,"column":37}},"type":"binary-expr","locations":[{"start":{"line":46,"column":13},"end":{"line":46,"column":29}},{"start":{"line":46,"column":33},"end":{"line":46,"column":37}}],"line":46}},"s":{"0":2,"1":2,"2":2,"3":2,"4":2,"5":2,"6":2,"7":2,"8":2,"9":2,"10":2,"11":2,"12":2,"13":2,"14":2,"15":2,"16":2,"17":2,"18":2,"19":2,"20":2,"21":2,"22":0,"23":2,"24":2,"25":2,"26":0,"27":0,"28":0,"29":0,"30":2,"31":2,"32":0,"33":2},"f":{"0":0,"1":0,"2":0},"b":{"0":[2,0]},"_coverageSchema":"1a1c01bbd47fc00a2c39e90264f33305004495a9","hash":"2395cb0d2d007e897e99d5e38f34dd4884acd5c5"}
,"D:\\tizon\\Documents\\Proyectos\\cosmere_api\\middleware\\errors.js": {"path":"D:\\tizon\\Documents\\Proyectos\\cosmere_api\\middleware\\errors.js","statementMap":{"0":{"start":{"line":1,"column":23},"end":{"line":15,"column":1}},"1":{"start":{"line":2,"column":20},"end":{"line":4,"column":4}},"2":{"start":{"line":5,"column":25},"end":{"line":7,"column":4}},"3":{"start":{"line":8,"column":28},"end":{"line":10,"column":4}},"4":{"start":{"line":11,"column":16},"end":{"line":13,"column":4}},"5":{"start":{"line":14,"column":23},"end":{"line":14,"column":44}},"6":{"start":{"line":17,"column":0},"end":{"line":20,"column":1}},"7":{"start":{"line":18,"column":18},"end":{"line":18,"column":75}},"8":{"start":{"line":19,"column":2},"end":{"line":19,"column":21}}},"fnMap":{"0":{"name":"(anonymous_0)","decl":{"start":{"line":2,"column":13},"end":{"line":2,"column":14}},"loc":{"start":{"line":2,"column":20},"end":{"line":4,"column":4}},"line":2},"1":{"name":"(anonymous_1)","decl":{"start":{"line":5,"column":18},"end":{"line":5,"column":19}},"loc":{"start":{"line":5,"column":25},"end":{"line":7,"column":4}},"line":5},"2":{"name":"(anonymous_2)","decl":{"start":{"line":8,"column":21},"end":{"line":8,"column":22}},"loc":{"start":{"line":8,"column":28},"end":{"line":10,"column":4}},"line":8},"3":{"name":"(anonymous_3)","decl":{"start":{"line":11,"column":9},"end":{"line":11,"column":10}},"loc":{"start":{"line":11,"column":16},"end":{"line":13,"column":4}},"line":11},"4":{"name":"(anonymous_4)","decl":{"start":{"line":14,"column":16},"end":{"line":14,"column":17}},"loc":{"start":{"line":14,"column":23},"end":{"line":14,"column":44}},"line":14},"5":{"name":"(anonymous_5)","decl":{"start":{"line":17,"column":17},"end":{"line":17,"column":18}},"loc":{"start":{"line":17,"column":44},"end":{"line":20,"column":1}},"line":17}},"branchMap":{"0":{"loc":{"start":{"line":18,"column":18},"end":{"line":18,"column":75}},"type":"binary-expr","locations":[{"start":{"line":18,"column":18},"end":{"line":18,"column":44}},{"start":{"line":18,"column":48},"end":{"line":18,"column":75}}],"line":18}},"s":{"0":2,"1":0,"2":0,"3":0,"4":0,"5":0,"6":2,"7":0,"8":0},"f":{"0":0,"1":0,"2":0,"3":0,"4":0,"5":0},"b":{"0":[0,0]},"_coverageSchema":"1a1c01bbd47fc00a2c39e90264f33305004495a9","hash":"1f2698c9fffb6f4a8033ccd33c2f7a3e3f87ed8f"}
,"D:\\tizon\\Documents\\Proyectos\\cosmere_api\\middleware\\notFound.js": {"path":"D:\\tizon\\Documents\\Proyectos\\cosmere_api\\middleware\\notFound.js","statementMap":{"0":{"start":{"line":1,"column":0},"end":{"line":6,"column":1}},"1":{"start":{"line":2,"column":2},"end":{"line":5,"column":4}}},"fnMap":{"0":{"name":"(anonymous_0)","decl":{"start":{"line":1,"column":17},"end":{"line":1,"column":18}},"loc":{"start":{"line":1,"column":31},"end":{"line":6,"column":1}},"line":1}},"branchMap":{},"s":{"0":2,"1":0},"f":{"0":0},"b":{},"_coverageSchema":"1a1c01bbd47fc00a2c39e90264f33305004495a9","hash":"ffb22685025a9940a6f0a2249b0536a83df9c15a"}
,"D:\\tizon\\Documents\\Proyectos\\cosmere_api\\routes\\categories.js": {"path":"D:\\tizon\\Documents\\Proyectos\\cosmere_api\\routes\\categories.js","statementMap":{"0":{"start":{"line":1,"column":16},"end":{"line":1,"column":34}},"1":{"start":{"line":2,"column":15},"end":{"line":2,"column":31}},"2":{"start":{"line":3,"column":13},"end":{"line":3,"column":39}},"3":{"start":{"line":5,"column":0},"end":{"line":20,"column":2}},"4":{"start":{"line":8,"column":2},"end":{"line":19,"column":3}},"5":{"start":{"line":10,"column":23},"end":{"line":10,"column":89}},"6":{"start":{"line":13,"column":4},"end":{"line":15,"column":6}},"7":{"start":{"line":18,"column":4},"end":{"line":18,"column":14}},"8":{"start":{"line":22,"column":0},"end":{"line":39,"column":2}},"9":{"start":{"line":25,"column":19},"end":{"line":25,"column":29}},"10":{"start":{"line":27,"column":2},"end":{"line":38,"column":3}},"11":{"start":{"line":29,"column":23},"end":{"line":29,"column":122}},"12":{"start":{"line":32,"column":4},"end":{"line":34,"column":6}},"13":{"start":{"line":37,"column":4},"end":{"line":37,"column":14}},"14":{"start":{"line":40,"column":0},"end":{"line":40,"column":23}}},"fnMap":{"0":{"name":"(anonymous_0)","decl":{"start":{"line":5,"column":26},"end":{"line":5,"column":27}},"loc":{"start":{"line":5,"column":52},"end":{"line":20,"column":1}},"line":5},"1":{"name":"(anonymous_1)","decl":{"start":{"line":22,"column":34},"end":{"line":22,"column":35}},"loc":{"start":{"line":22,"column":60},"end":{"line":39,"column":1}},"line":22}},"branchMap":{},"s":{"0":2,"1":2,"2":2,"3":2,"4":0,"5":0,"6":0,"7":0,"8":2,"9":0,"10":0,"11":0,"12":0,"13":0,"14":2},"f":{"0":0,"1":0},"b":{},"_coverageSchema":"1a1c01bbd47fc00a2c39e90264f33305004495a9","hash":"89eafb1ff77a01e6556c34284452ea144f34a792"}
,"D:\\tizon\\Documents\\Proyectos\\cosmere_api\\routes\\courses.js": {"path":"D:\\tizon\\Documents\\Proyectos\\cosmere_api\\routes\\courses.js","statementMap":{"0":{"start":{"line":1,"column":16},"end":{"line":1,"column":34}},"1":{"start":{"line":2,"column":15},"end":{"line":2,"column":31}},"2":{"start":{"line":3,"column":13},"end":{"line":3,"column":39}},"3":{"start":{"line":5,"column":0},"end":{"line":26,"column":2}},"4":{"start":{"line":9,"column":19},"end":{"line":9,"column":29}},"5":{"start":{"line":11,"column":2},"end":{"line":24,"column":3}},"6":{"start":{"line":15,"column":4},"end":{"line":15,"column":106}},"7":{"start":{"line":18,"column":4},"end":{"line":20,"column":6}},"8":{"start":{"line":23,"column":4},"end":{"line":23,"column":14}},"9":{"start":{"line":28,"column":0},"end":{"line":46,"column":2}},"10":{"start":{"line":32,"column":17},"end":{"line":32,"column":27}},"11":{"start":{"line":34,"column":2},"end":{"line":44,"column":3}},"12":{"start":{"line":36,"column":19},"end":{"line":36,"column":107}},"13":{"start":{"line":39,"column":4},"end":{"line":41,"column":7}},"14":{"start":{"line":43,"column":4},"end":{"line":43,"column":13}},"15":{"start":{"line":48,"column":0},"end":{"line":79,"column":2}},"16":{"start":{"line":51,"column":2},"end":{"line":78,"column":3}},"17":{"start":{"line":53,"column":145},"end":{"line":53,"column":153}},"18":{"start":{"line":55,"column":20},"end":{"line":66,"column":5}},"19":{"start":{"line":69,"column":4},"end":{"line":69,"column":84}},"20":{"start":{"line":70,"column":24},"end":{"line":70,"column":126}},"21":{"start":{"line":73,"column":4},"end":{"line":75,"column":6}},"22":{"start":{"line":77,"column":4},"end":{"line":77,"column":11}},"23":{"start":{"line":87,"column":0},"end":{"line":101,"column":2}},"24":{"start":{"line":89,"column":2},"end":{"line":100,"column":3}},"25":{"start":{"line":90,"column":31},"end":{"line":90,"column":39}},"26":{"start":{"line":91,"column":4},"end":{"line":91,"column":116}},"27":{"start":{"line":92,"column":14},"end":{"line":92,"column":126}},"28":{"start":{"line":93,"column":4},"end":{"line":93,"column":36}},"29":{"start":{"line":94,"column":4},"end":{"line":97,"column":6}},"30":{"start":{"line":99,"column":4},"end":{"line":99,"column":11}},"31":{"start":{"line":102,"column":0},"end":{"line":116,"column":2}},"32":{"start":{"line":104,"column":2},"end":{"line":115,"column":3}},"33":{"start":{"line":105,"column":31},"end":{"line":105,"column":39}},"34":{"start":{"line":106,"column":4},"end":{"line":106,"column":116}},"35":{"start":{"line":107,"column":14},"end":{"line":107,"column":126}},"36":{"start":{"line":108,"column":4},"end":{"line":108,"column":36}},"37":{"start":{"line":109,"column":4},"end":{"line":112,"column":6}},"38":{"start":{"line":114,"column":4},"end":{"line":114,"column":11}},"39":{"start":{"line":118,"column":0},"end":{"line":132,"column":2}},"40":{"start":{"line":120,"column":2},"end":{"line":131,"column":3}},"41":{"start":{"line":121,"column":35},"end":{"line":121,"column":43}},"42":{"start":{"line":122,"column":4},"end":{"line":122,"column":133}},"43":{"start":{"line":126,"column":4},"end":{"line":128,"column":6}},"44":{"start":{"line":130,"column":4},"end":{"line":130,"column":11}},"45":{"start":{"line":134,"column":0},"end":{"line":157,"column":2}},"46":{"start":{"line":137,"column":2},"end":{"line":156,"column":3}},"47":{"start":{"line":139,"column":46},"end":{"line":139,"column":54}},"48":{"start":{"line":142,"column":4},"end":{"line":148,"column":4}},"49":{"start":{"line":143,"column":6},"end":{"line":147,"column":7}},"50":{"start":{"line":144,"column":10},"end":{"line":144,"column":34}},"51":{"start":{"line":146,"column":10},"end":{"line":146,"column":41}},"52":{"start":{"line":150,"column":28},"end":{"line":150,"column":120}},"53":{"start":{"line":153,"column":4},"end":{"line":153,"column":41}},"54":{"start":{"line":155,"column":4},"end":{"line":155,"column":11}},"55":{"start":{"line":162,"column":0},"end":{"line":181,"column":2}},"56":{"start":{"line":166,"column":21},"end":{"line":166,"column":31}},"57":{"start":{"line":168,"column":2},"end":{"line":180,"column":3}},"58":{"start":{"line":171,"column":27},"end":{"line":171,"column":149}},"59":{"start":{"line":174,"column":4},"end":{"line":177,"column":6}},"60":{"start":{"line":179,"column":4},"end":{"line":179,"column":13}},"61":{"start":{"line":183,"column":0},"end":{"line":204,"column":2}},"62":{"start":{"line":187,"column":22},"end":{"line":187,"column":32}},"63":{"start":{"line":189,"column":2},"end":{"line":202,"column":3}},"64":{"start":{"line":192,"column":19},"end":{"line":192,"column":278}},"65":{"start":{"line":195,"column":4},"end":{"line":198,"column":7}},"66":{"start":{"line":200,"column":4},"end":{"line":200,"column":20}},"67":{"start":{"line":201,"column":4},"end":{"line":201,"column":13}},"68":{"start":{"line":206,"column":0},"end":{"line":231,"column":2}},"69":{"start":{"line":210,"column":21},"end":{"line":210,"column":31}},"70":{"start":{"line":212,"column":2},"end":{"line":230,"column":3}},"71":{"start":{"line":215,"column":19},"end":{"line":221,"column":16}},"72":{"start":{"line":224,"column":4},"end":{"line":227,"column":6}},"73":{"start":{"line":229,"column":4},"end":{"line":229,"column":13}},"74":{"start":{"line":233,"column":0},"end":{"line":248,"column":2}},"75":{"start":{"line":236,"column":2},"end":{"line":247,"column":3}},"76":{"start":{"line":238,"column":17},"end":{"line":238,"column":104}},"77":{"start":{"line":239,"column":21},"end":{"line":239,"column":123}},"78":{"start":{"line":241,"column":4},"end":{"line":244,"column":6}},"79":{"start":{"line":246,"column":4},"end":{"line":246,"column":14}},"80":{"start":{"line":249,"column":0},"end":{"line":264,"column":2}},"81":{"start":{"line":253,"column":19},"end":{"line":253,"column":29}},"82":{"start":{"line":254,"column":2},"end":{"line":263,"column":3}},"83":{"start":{"line":256,"column":17},"end":{"line":256,"column":133}},"84":{"start":{"line":258,"column":4},"end":{"line":260,"column":6}},"85":{"start":{"line":262,"column":4},"end":{"line":262,"column":14}},"86":{"start":{"line":266,"column":0},"end":{"line":294,"column":2}},"87":{"start":{"line":269,"column":2},"end":{"line":293,"column":3}},"88":{"start":{"line":271,"column":24},"end":{"line":271,"column":34}},"89":{"start":{"line":274,"column":87},"end":{"line":274,"column":95}},"90":{"start":{"line":276,"column":22},"end":{"line":284,"column":5}},"91":{"start":{"line":286,"column":4},"end":{"line":286,"column":108}},"92":{"start":{"line":287,"column":15},"end":{"line":287,"column":108}},"93":{"start":{"line":290,"column":4},"end":{"line":290,"column":30}},"94":{"start":{"line":292,"column":4},"end":{"line":292,"column":11}},"95":{"start":{"line":296,"column":0},"end":{"line":325,"column":2}},"96":{"start":{"line":299,"column":2},"end":{"line":324,"column":3}},"97":{"start":{"line":301,"column":24},"end":{"line":301,"column":34}},"98":{"start":{"line":305,"column":51},"end":{"line":305,"column":59}},"99":{"start":{"line":307,"column":19},"end":{"line":307,"column":26}},"100":{"start":{"line":309,"column":24},"end":{"line":315,"column":5}},"101":{"start":{"line":317,"column":4},"end":{"line":317,"column":88}},"102":{"start":{"line":318,"column":15},"end":{"line":318,"column":110}},"103":{"start":{"line":321,"column":4},"end":{"line":321,"column":30}},"104":{"start":{"line":323,"column":4},"end":{"line":323,"column":11}},"105":{"start":{"line":327,"column":0},"end":{"line":342,"column":2}},"106":{"start":{"line":330,"column":2},"end":{"line":341,"column":3}},"107":{"start":{"line":332,"column":24},"end":{"line":332,"column":34}},"108":{"start":{"line":335,"column":15},"end":{"line":335,"column":108}},"109":{"start":{"line":338,"column":4},"end":{"line":338,"column":30}},"110":{"start":{"line":340,"column":4},"end":{"line":340,"column":11}},"111":{"start":{"line":347,"column":0},"end":{"line":368,"column":2}},"112":{"start":{"line":349,"column":2},"end":{"line":367,"column":3}},"113":{"start":{"line":350,"column":35},"end":{"line":350,"column":43}},"114":{"start":{"line":352,"column":23},"end":{"line":352,"column":26}},"115":{"start":{"line":354,"column":27},"end":{"line":358,"column":5}},"116":{"start":{"line":360,"column":4},"end":{"line":360,"column":98}},"117":{"start":{"line":362,"column":32},"end":{"line":362,"column":131}},"118":{"start":{"line":364,"column":4},"end":{"line":364,"column":45}},"119":{"start":{"line":366,"column":4},"end":{"line":366,"column":11}},"120":{"start":{"line":372,"column":0},"end":{"line":383,"column":2}},"121":{"start":{"line":373,"column":22},"end":{"line":373,"column":32}},"122":{"start":{"line":375,"column":23},"end":{"line":375,"column":26}},"123":{"start":{"line":376,"column":2},"end":{"line":382,"column":3}},"124":{"start":{"line":378,"column":4},"end":{"line":378,"column":160}},"125":{"start":{"line":379,"column":4},"end":{"line":379,"column":43}},"126":{"start":{"line":381,"column":4},"end":{"line":381,"column":13}},"127":{"start":{"line":386,"column":0},"end":{"line":401,"column":2}},"128":{"start":{"line":387,"column":22},"end":{"line":387,"column":32}},"129":{"start":{"line":390,"column":37},"end":{"line":390,"column":45}},"130":{"start":{"line":393,"column":2},"end":{"line":400,"column":3}},"131":{"start":{"line":394,"column":4},"end":{"line":394,"column":165}},"132":{"start":{"line":395,"column":35},"end":{"line":395,"column":166}},"133":{"start":{"line":397,"column":4},"end":{"line":397,"column":48}},"134":{"start":{"line":399,"column":4},"end":{"line":399,"column":13}},"135":{"start":{"line":403,"column":0},"end":{"line":403,"column":23}}},"fnMap":{"0":{"name":"(anonymous_0)","decl":{"start":{"line":5,"column":30},"end":{"line":5,"column":31}},"loc":{"start":{"line":5,"column":56},"end":{"line":26,"column":1}},"line":5},"1":{"name":"(anonymous_1)","decl":{"start":{"line":28,"column":27},"end":{"line":28,"column":28}},"loc":{"start":{"line":28,"column":53},"end":{"line":46,"column":1}},"line":28},"2":{"name":"(anonymous_2)","decl":{"start":{"line":48,"column":24},"end":{"line":48,"column":25}},"loc":{"start":{"line":48,"column":51},"end":{"line":79,"column":1}},"line":48},"3":{"name":"(anonymous_3)","decl":{"start":{"line":87,"column":29},"end":{"line":87,"column":30}},"loc":{"start":{"line":87,"column":56},"end":{"line":101,"column":1}},"line":87},"4":{"name":"(anonymous_4)","decl":{"start":{"line":102,"column":29},"end":{"line":102,"column":30}},"loc":{"start":{"line":102,"column":56},"end":{"line":116,"column":1}},"line":102},"5":{"name":"(anonymous_5)","decl":{"start":{"line":118,"column":35},"end":{"line":118,"column":36}},"loc":{"start":{"line":118,"column":62},"end":{"line":132,"column":1}},"line":118},"6":{"name":"(anonymous_6)","decl":{"start":{"line":134,"column":29},"end":{"line":134,"column":30}},"loc":{"start":{"line":134,"column":56},"end":{"line":157,"column":1}},"line":134},"7":{"name":"(anonymous_7)","decl":{"start":{"line":142,"column":91},"end":{"line":142,"column":92}},"loc":{"start":{"line":142,"column":114},"end":{"line":148,"column":3}},"line":142},"8":{"name":"(anonymous_8)","decl":{"start":{"line":162,"column":46},"end":{"line":162,"column":47}},"loc":{"start":{"line":162,"column":72},"end":{"line":181,"column":1}},"line":162},"9":{"name":"(anonymous_9)","decl":{"start":{"line":183,"column":36},"end":{"line":183,"column":37}},"loc":{"start":{"line":183,"column":62},"end":{"line":204,"column":1}},"line":183},"10":{"name":"(anonymous_10)","decl":{"start":{"line":206,"column":37},"end":{"line":206,"column":38}},"loc":{"start":{"line":206,"column":63},"end":{"line":231,"column":1}},"line":206},"11":{"name":"(anonymous_11)","decl":{"start":{"line":233,"column":29},"end":{"line":233,"column":30}},"loc":{"start":{"line":233,"column":55},"end":{"line":248,"column":1}},"line":233},"12":{"name":"(anonymous_12)","decl":{"start":{"line":249,"column":37},"end":{"line":249,"column":38}},"loc":{"start":{"line":249,"column":63},"end":{"line":264,"column":1}},"line":249},"13":{"name":"(anonymous_13)","decl":{"start":{"line":266,"column":37},"end":{"line":266,"column":38}},"loc":{"start":{"line":266,"column":64},"end":{"line":294,"column":1}},"line":266},"14":{"name":"(anonymous_14)","decl":{"start":{"line":296,"column":41},"end":{"line":296,"column":42}},"loc":{"start":{"line":296,"column":68},"end":{"line":325,"column":1}},"line":296},"15":{"name":"(anonymous_15)","decl":{"start":{"line":327,"column":34},"end":{"line":327,"column":35}},"loc":{"start":{"line":327,"column":61},"end":{"line":342,"column":1}},"line":327},"16":{"name":"(anonymous_16)","decl":{"start":{"line":347,"column":38},"end":{"line":347,"column":39}},"loc":{"start":{"line":347,"column":65},"end":{"line":368,"column":1}},"line":347},"17":{"name":"(anonymous_17)","decl":{"start":{"line":372,"column":49},"end":{"line":372,"column":50}},"loc":{"start":{"line":372,"column":75},"end":{"line":383,"column":1}},"line":372},"18":{"name":"(anonymous_18)","decl":{"start":{"line":386,"column":49},"end":{"line":386,"column":50}},"loc":{"start":{"line":386,"column":75},"end":{"line":401,"column":1}},"line":386}},"branchMap":{"0":{"loc":{"start":{"line":143,"column":6},"end":{"line":147,"column":7}},"type":"if","locations":[{"start":{"line":143,"column":6},"end":{"line":147,"column":7}},{"start":{"line":143,"column":6},"end":{"line":147,"column":7}}],"line":143}},"s":{"0":2,"1":2,"2":2,"3":2,"4":0,"5":0,"6":0,"7":0,"8":0,"9":2,"10":0,"11":0,"12":0,"13":0,"14":0,"15":2,"16":0,"17":0,"18":0,"19":0,"20":0,"21":0,"22":0,"23":2,"24":0,"25":0,"26":0,"27":0,"28":0,"29":0,"30":0,"31":2,"32":0,"33":0,"34":0,"35":0,"36":0,"37":0,"38":0,"39":2,"40":0,"41":0,"42":0,"43":0,"44":0,"45":2,"46":0,"47":0,"48":0,"49":0,"50":0,"51":0,"52":0,"53":0,"54":0,"55":2,"56":0,"57":0,"58":0,"59":0,"60":0,"61":2,"62":0,"63":0,"64":0,"65":0,"66":0,"67":0,"68":2,"69":0,"70":0,"71":0,"72":0,"73":0,"74":2,"75":0,"76":0,"77":0,"78":0,"79":0,"80":2,"81":0,"82":0,"83":0,"84":0,"85":0,"86":2,"87":0,"88":0,"89":0,"90":0,"91":0,"92":0,"93":0,"94":0,"95":2,"96":0,"97":0,"98":0,"99":0,"100":0,"101":0,"102":0,"103":0,"104":0,"105":2,"106":0,"107":0,"108":0,"109":0,"110":0,"111":2,"112":0,"113":0,"114":0,"115":0,"116":0,"117":0,"118":0,"119":0,"120":2,"121":0,"122":0,"123":0,"124":0,"125":0,"126":0,"127":2,"128":0,"129":0,"130":0,"131":0,"132":0,"133":0,"134":0,"135":2},"f":{"0":0,"1":0,"2":0,"3":0,"4":0,"5":0,"6":0,"7":0,"8":0,"9":0,"10":0,"11":0,"12":0,"13":0,"14":0,"15":0,"16":0,"17":0,"18":0},"b":{"0":[0,0]},"_coverageSchema":"1a1c01bbd47fc00a2c39e90264f33305004495a9","hash":"b81e9d2a7709fe3f3f9d74eb258c16c545b98175"}
,"D:\\tizon\\Documents\\Proyectos\\cosmere_api\\routes\\login.js": {"path":"D:\\tizon\\Documents\\Proyectos\\cosmere_api\\routes\\login.js","statementMap":{"0":{"start":{"line":2,"column":16},"end":{"line":2,"column":34}},"1":{"start":{"line":3,"column":15},"end":{"line":3,"column":31}},"2":{"start":{"line":6,"column":13},"end":{"line":6,"column":39}},"3":{"start":{"line":9,"column":15},"end":{"line":9,"column":32}},"4":{"start":{"line":12,"column":0},"end":{"line":16,"column":2}},"5":{"start":{"line":13,"column":2},"end":{"line":15,"column":4}},"6":{"start":{"line":19,"column":0},"end":{"line":48,"column":2}},"7":{"start":{"line":22,"column":29},"end":{"line":22,"column":37}},"8":{"start":{"line":26,"column":15},"end":{"line":26,"column":107}},"9":{"start":{"line":29,"column":2},"end":{"line":29,"column":62}},"10":{"start":{"line":32,"column":26},"end":{"line":34,"column":50}},"11":{"start":{"line":37,"column":2},"end":{"line":41,"column":3}},"12":{"start":{"line":38,"column":4},"end":{"line":40,"column":6}},"13":{"start":{"line":44,"column":2},"end":{"line":47,"column":4}},"14":{"start":{"line":52,"column":0},"end":{"line":52,"column":23}}},"fnMap":{"0":{"name":"(anonymous_0)","decl":{"start":{"line":12,"column":21},"end":{"line":12,"column":22}},"loc":{"start":{"line":12,"column":41},"end":{"line":16,"column":1}},"line":12},"1":{"name":"(anonymous_1)","decl":{"start":{"line":19,"column":22},"end":{"line":19,"column":23}},"loc":{"start":{"line":19,"column":42},"end":{"line":48,"column":1}},"line":19}},"branchMap":{"0":{"loc":{"start":{"line":29,"column":17},"end":{"line":29,"column":62}},"type":"cond-expr","locations":[{"start":{"line":29,"column":27},"end":{"line":29,"column":54}},{"start":{"line":29,"column":57},"end":{"line":29,"column":62}}],"line":29},"1":{"loc":{"start":{"line":32,"column":26},"end":{"line":34,"column":50}},"type":"cond-expr","locations":[{"start":{"line":33,"column":6},"end":{"line":33,"column":11}},{"start":{"line":34,"column":6},"end":{"line":34,"column":50}}],"line":32},"2":{"loc":{"start":{"line":37,"column":2},"end":{"line":41,"column":3}},"type":"if","locations":[{"start":{"line":37,"column":2},"end":{"line":41,"column":3}},{"start":{"line":37,"column":2},"end":{"line":41,"column":3}}],"line":37},"3":{"loc":{"start":{"line":37,"column":8},"end":{"line":37,"column":31}},"type":"binary-expr","locations":[{"start":{"line":37,"column":8},"end":{"line":37,"column":12}},{"start":{"line":37,"column":16},"end":{"line":37,"column":31}}],"line":37}},"s":{"0":2,"1":2,"2":2,"3":2,"4":2,"5":0,"6":2,"7":0,"8":0,"9":0,"10":0,"11":0,"12":0,"13":0,"14":2},"f":{"0":0,"1":0},"b":{"0":[0,0],"1":[0,0],"2":[0,0],"3":[0,0]},"_coverageSchema":"1a1c01bbd47fc00a2c39e90264f33305004495a9","hash":"9e6da495d3a339f66f738288d7010fe76c47bde2"}
,"D:\\tizon\\Documents\\Proyectos\\cosmere_api\\routes\\suggestions.js": {"path":"D:\\tizon\\Documents\\Proyectos\\cosmere_api\\routes\\suggestions.js","statementMap":{"0":{"start":{"line":2,"column":16},"end":{"line":2,"column":34}},"1":{"start":{"line":3,"column":15},"end":{"line":3,"column":31}},"2":{"start":{"line":6,"column":13},"end":{"line":6,"column":39}},"3":{"start":{"line":9,"column":0},"end":{"line":22,"column":2}},"4":{"start":{"line":10,"column":2},"end":{"line":21,"column":3}},"5":{"start":{"line":12,"column":15},"end":{"line":12,"column":83}},"6":{"start":{"line":13,"column":4},"end":{"line":16,"column":6}},"7":{"start":{"line":20,"column":4},"end":{"line":20,"column":14}},"8":{"start":{"line":25,"column":0},"end":{"line":55,"column":4}},"9":{"start":{"line":27,"column":4},"end":{"line":54,"column":5}},"10":{"start":{"line":29,"column":129},"end":{"line":29,"column":137}},"11":{"start":{"line":31,"column":28},"end":{"line":38,"column":7}},"12":{"start":{"line":41,"column":6},"end":{"line":41,"column":95}},"13":{"start":{"line":48,"column":6},"end":{"line":50,"column":8}},"14":{"start":{"line":53,"column":6},"end":{"line":53,"column":13}},"15":{"start":{"line":57,"column":2},"end":{"line":73,"column":4}},"16":{"start":{"line":58,"column":4},"end":{"line":72,"column":5}},"17":{"start":{"line":60,"column":32},"end":{"line":60,"column":42}},"18":{"start":{"line":63,"column":17},"end":{"line":63,"column":126}},"19":{"start":{"line":64,"column":6},"end":{"line":67,"column":8}},"20":{"start":{"line":71,"column":6},"end":{"line":71,"column":16}},"21":{"start":{"line":80,"column":2},"end":{"line":98,"column":5}},"22":{"start":{"line":81,"column":4},"end":{"line":97,"column":5}},"23":{"start":{"line":82,"column":42},"end":{"line":82,"column":50}},"24":{"start":{"line":84,"column":33},"end":{"line":87,"column":9}},"25":{"start":{"line":88,"column":6},"end":{"line":88,"column":94}},"26":{"start":{"line":91,"column":6},"end":{"line":93,"column":8}},"27":{"start":{"line":96,"column":6},"end":{"line":96,"column":13}},"28":{"start":{"line":102,"column":0},"end":{"line":102,"column":23}}},"fnMap":{"0":{"name":"(anonymous_0)","decl":{"start":{"line":9,"column":27},"end":{"line":9,"column":28}},"loc":{"start":{"line":9,"column":53},"end":{"line":22,"column":1}},"line":9},"1":{"name":"(anonymous_1)","decl":{"start":{"line":25,"column":28},"end":{"line":25,"column":29}},"loc":{"start":{"line":25,"column":55},"end":{"line":55,"column":3}},"line":25},"2":{"name":"(anonymous_2)","decl":{"start":{"line":57,"column":44},"end":{"line":57,"column":45}},"loc":{"start":{"line":57,"column":70},"end":{"line":73,"column":3}},"line":57},"3":{"name":"(anonymous_3)","decl":{"start":{"line":80,"column":35},"end":{"line":80,"column":36}},"loc":{"start":{"line":80,"column":62},"end":{"line":98,"column":3}},"line":80}},"branchMap":{},"s":{"0":2,"1":2,"2":2,"3":2,"4":0,"5":0,"6":0,"7":0,"8":2,"9":0,"10":0,"11":0,"12":0,"13":0,"14":0,"15":2,"16":0,"17":0,"18":0,"19":0,"20":0,"21":2,"22":0,"23":0,"24":0,"25":0,"26":0,"27":0,"28":2},"f":{"0":0,"1":0,"2":0,"3":0},"b":{},"_coverageSchema":"1a1c01bbd47fc00a2c39e90264f33305004495a9","hash":"322f3d6d92c6b2f5ceef75f83391f59b7072afb6"}
,"D:\\tizon\\Documents\\Proyectos\\cosmere_api\\routes\\tasks.js": {"path":"D:\\tizon\\Documents\\Proyectos\\cosmere_api\\routes\\tasks.js","statementMap":{"0":{"start":{"line":1,"column":16},"end":{"line":1,"column":34}},"1":{"start":{"line":2,"column":15},"end":{"line":2,"column":31}},"2":{"start":{"line":3,"column":13},"end":{"line":3,"column":39}},"3":{"start":{"line":5,"column":0},"end":{"line":32,"column":2}},"4":{"start":{"line":9,"column":85},"end":{"line":9,"column":93}},"5":{"start":{"line":11,"column":19},"end":{"line":17,"column":3}},"6":{"start":{"line":19,"column":2},"end":{"line":30,"column":3}},"7":{"start":{"line":21,"column":4},"end":{"line":21,"column":84}},"8":{"start":{"line":24,"column":4},"end":{"line":26,"column":6}},"9":{"start":{"line":29,"column":4},"end":{"line":29,"column":14}},"10":{"start":{"line":35,"column":0},"end":{"line":60,"column":2}},"11":{"start":{"line":37,"column":61},"end":{"line":37,"column":69}},"12":{"start":{"line":39,"column":21},"end":{"line":45,"column":3}},"13":{"start":{"line":47,"column":2},"end":{"line":58,"column":3}},"14":{"start":{"line":49,"column":4},"end":{"line":49,"column":87}},"15":{"start":{"line":52,"column":4},"end":{"line":54,"column":6}},"16":{"start":{"line":57,"column":4},"end":{"line":57,"column":14}},"17":{"start":{"line":62,"column":0},"end":{"line":62,"column":23}}},"fnMap":{"0":{"name":"(anonymous_0)","decl":{"start":{"line":5,"column":27},"end":{"line":5,"column":28}},"loc":{"start":{"line":5,"column":53},"end":{"line":32,"column":1}},"line":5},"1":{"name":"(anonymous_1)","decl":{"start":{"line":35,"column":29},"end":{"line":35,"column":30}},"loc":{"start":{"line":35,"column":55},"end":{"line":60,"column":1}},"line":35}},"branchMap":{},"s":{"0":2,"1":2,"2":2,"3":2,"4":0,"5":0,"6":0,"7":0,"8":0,"9":0,"10":2,"11":0,"12":0,"13":0,"14":0,"15":0,"16":0,"17":2},"f":{"0":0,"1":0},"b":{},"_coverageSchema":"1a1c01bbd47fc00a2c39e90264f33305004495a9","hash":"f6023d6800acadbd348e7a6ae1e751f06aeb79ca"}
,"D:\\tizon\\Documents\\Proyectos\\cosmere_api\\routes\\users.js": {"path":"D:\\tizon\\Documents\\Proyectos\\cosmere_api\\routes\\users.js","statementMap":{"0":{"start":{"line":2,"column":16},"end":{"line":2,"column":34}},"1":{"start":{"line":3,"column":15},"end":{"line":3,"column":31}},"2":{"start":{"line":6,"column":13},"end":{"line":6,"column":39}},"3":{"start":{"line":9,"column":15},"end":{"line":9,"column":32}},"4":{"start":{"line":13,"column":0},"end":{"line":27,"column":2}},"5":{"start":{"line":14,"column":2},"end":{"line":26,"column":3}},"6":{"start":{"line":17,"column":15},"end":{"line":17,"column":80}},"7":{"start":{"line":18,"column":4},"end":{"line":21,"column":6}},"8":{"start":{"line":25,"column":4},"end":{"line":25,"column":14}},"9":{"start":{"line":30,"column":0},"end":{"line":48,"column":2}},"10":{"start":{"line":32,"column":15},"end":{"line":32,"column":25}},"11":{"start":{"line":33,"column":2},"end":{"line":47,"column":3}},"12":{"start":{"line":36,"column":15},"end":{"line":36,"column":107}},"13":{"start":{"line":37,"column":17},"end":{"line":37,"column":129}},"14":{"start":{"line":38,"column":4},"end":{"line":42,"column":6}},"15":{"start":{"line":46,"column":4},"end":{"line":46,"column":14}},"16":{"start":{"line":51,"column":0},"end":{"line":83,"column":2}},"17":{"start":{"line":52,"column":2},"end":{"line":82,"column":3}},"18":{"start":{"line":54,"column":19},"end":{"line":54,"column":29}},"19":{"start":{"line":56,"column":76},"end":{"line":56,"column":84}},"20":{"start":{"line":59,"column":20},"end":{"line":65,"column":5}},"21":{"start":{"line":69,"column":4},"end":{"line":69,"column":105}},"22":{"start":{"line":73,"column":18},"end":{"line":73,"column":110}},"23":{"start":{"line":75,"column":4},"end":{"line":78,"column":6}},"24":{"start":{"line":81,"column":4},"end":{"line":81,"column":14}},"25":{"start":{"line":87,"column":0},"end":{"line":130,"column":2}},"26":{"start":{"line":89,"column":68},"end":{"line":89,"column":76}},"27":{"start":{"line":92,"column":2},"end":{"line":97,"column":3}},"28":{"start":{"line":93,"column":4},"end":{"line":96,"column":6}},"29":{"start":{"line":100,"column":21},"end":{"line":100,"column":23}},"30":{"start":{"line":103,"column":23},"end":{"line":103,"column":62}},"31":{"start":{"line":106,"column":30},"end":{"line":106,"column":42}},"32":{"start":{"line":109,"column":16},"end":{"line":115,"column":3}},"33":{"start":{"line":117,"column":2},"end":{"line":129,"column":3}},"34":{"start":{"line":119,"column":4},"end":{"line":119,"column":85}},"35":{"start":{"line":123,"column":20},"end":{"line":123,"column":136}},"36":{"start":{"line":125,"column":4},"end":{"line":125,"column":36}},"37":{"start":{"line":128,"column":4},"end":{"line":128,"column":27}},"38":{"start":{"line":132,"column":0},"end":{"line":132,"column":23}}},"fnMap":{"0":{"name":"(anonymous_0)","decl":{"start":{"line":13,"column":21},"end":{"line":13,"column":22}},"loc":{"start":{"line":13,"column":41},"end":{"line":27,"column":1}},"line":13},"1":{"name":"(anonymous_1)","decl":{"start":{"line":30,"column":25},"end":{"line":30,"column":26}},"loc":{"start":{"line":30,"column":45},"end":{"line":48,"column":1}},"line":30},"2":{"name":"(anonymous_2)","decl":{"start":{"line":51,"column":29},"end":{"line":51,"column":30}},"loc":{"start":{"line":51,"column":49},"end":{"line":83,"column":1}},"line":51},"3":{"name":"(anonymous_3)","decl":{"start":{"line":87,"column":25},"end":{"line":87,"column":26}},"loc":{"start":{"line":87,"column":51},"end":{"line":130,"column":1}},"line":87}},"branchMap":{"0":{"loc":{"start":{"line":92,"column":2},"end":{"line":97,"column":3}},"type":"if","locations":[{"start":{"line":92,"column":2},"end":{"line":97,"column":3}},{"start":{"line":92,"column":2},"end":{"line":97,"column":3}}],"line":92}},"s":{"0":2,"1":2,"2":2,"3":2,"4":2,"5":0,"6":0,"7":0,"8":0,"9":2,"10":0,"11":0,"12":0,"13":0,"14":0,"15":0,"16":2,"17":0,"18":0,"19":0,"20":0,"21":0,"22":0,"23":0,"24":0,"25":2,"26":0,"27":0,"28":0,"29":0,"30":0,"31":0,"32":0,"33":0,"34":0,"35":0,"36":0,"37":0,"38":2},"f":{"0":0,"1":0,"2":0,"3":0},"b":{"0":[0,0]},"_coverageSchema":"1a1c01bbd47fc00a2c39e90264f33305004495a9","hash":"5310fdfe13ee9f13c26c865da3a58461b29384eb"}
,"D:\\tizon\\Documents\\Proyectos\\cosmere_api\\src\\database.js": {"path":"D:\\tizon\\Documents\\Proyectos\\cosmere_api\\src\\database.js","statementMap":{"0":{"start":{"line":1,"column":14},"end":{"line":1,"column":30}},"1":{"start":{"line":2,"column":21},"end":{"line":2,"column":36}},"2":{"start":{"line":4,"column":21},"end":{"line":4,"column":38}},"3":{"start":{"line":6,"column":13},"end":{"line":6,"column":39}},"4":{"start":{"line":8,"column":0},"end":{"line":25,"column":5}},"5":{"start":{"line":9,"column":4},"end":{"line":19,"column":5}},"6":{"start":{"line":10,"column":6},"end":{"line":12,"column":7}},"7":{"start":{"line":11,"column":8},"end":{"line":11,"column":57}},"8":{"start":{"line":13,"column":6},"end":{"line":15,"column":7}},"9":{"start":{"line":14,"column":8},"end":{"line":14,"column":58}},"10":{"start":{"line":16,"column":6},"end":{"line":18,"column":7}},"11":{"start":{"line":17,"column":8},"end":{"line":17,"column":57}},"12":{"start":{"line":21,"column":4},"end":{"line":21,"column":41}},"13":{"start":{"line":21,"column":20},"end":{"line":21,"column":41}},"14":{"start":{"line":22,"column":4},"end":{"line":22,"column":35}},"15":{"start":{"line":24,"column":4},"end":{"line":24,"column":11}},"16":{"start":{"line":29,"column":0},"end":{"line":29,"column":35}},"17":{"start":{"line":31,"column":0},"end":{"line":31,"column":22}}},"fnMap":{"0":{"name":"(anonymous_0)","decl":{"start":{"line":8,"column":19},"end":{"line":8,"column":20}},"loc":{"start":{"line":8,"column":40},"end":{"line":25,"column":3}},"line":8}},"branchMap":{"0":{"loc":{"start":{"line":9,"column":4},"end":{"line":19,"column":5}},"type":"if","locations":[{"start":{"line":9,"column":4},"end":{"line":19,"column":5}},{"start":{"line":9,"column":4},"end":{"line":19,"column":5}}],"line":9},"1":{"loc":{"start":{"line":10,"column":6},"end":{"line":12,"column":7}},"type":"if","locations":[{"start":{"line":10,"column":6},"end":{"line":12,"column":7}},{"start":{"line":10,"column":6},"end":{"line":12,"column":7}}],"line":10},"2":{"loc":{"start":{"line":13,"column":6},"end":{"line":15,"column":7}},"type":"if","locations":[{"start":{"line":13,"column":6},"end":{"line":15,"column":7}},{"start":{"line":13,"column":6},"end":{"line":15,"column":7}}],"line":13},"3":{"loc":{"start":{"line":16,"column":6},"end":{"line":18,"column":7}},"type":"if","locations":[{"start":{"line":16,"column":6},"end":{"line":18,"column":7}},{"start":{"line":16,"column":6},"end":{"line":18,"column":7}}],"line":16},"4":{"loc":{"start":{"line":21,"column":4},"end":{"line":21,"column":41}},"type":"if","locations":[{"start":{"line":21,"column":4},"end":{"line":21,"column":41}},{"start":{"line":21,"column":4},"end":{"line":21,"column":41}}],"line":21}},"s":{"0":2,"1":2,"2":2,"3":2,"4":2,"5":0,"6":0,"7":0,"8":0,"9":0,"10":0,"11":0,"12":0,"13":0,"14":0,"15":0,"16":2,"17":2},"f":{"0":0},"b":{"0":[0,0],"1":[0,0],"2":[0,0],"3":[0,0],"4":[0,0]},"_coverageSchema":"1a1c01bbd47fc00a2c39e90264f33305004495a9","hash":"684acb7bb75866d270d97020bdb7736076acc1e9"}
,"D:\\tizon\\Documents\\Proyectos\\cosmere_api\\src\\keys.js": {"path":"D:\\tizon\\Documents\\Proyectos\\cosmere_api\\src\\keys.js","statementMap":{"0":{"start":{"line":1,"column":0},"end":{"line":8,"column":1}}},"fnMap":{},"branchMap":{},"s":{"0":2},"f":{},"b":{},"_coverageSchema":"1a1c01bbd47fc00a2c39e90264f33305004495a9","hash":"6a455d923f5fd9c5373f474e27ee04e62a397987"}
}
