TN:
SF:index.js
FN:29,(anonymous_0)
FN:39,(anonymous_1)
FN:48,(anonymous_2)
FNF:3
FNH:0
FNDA:0,(anonymous_0)
FNDA:0,(anonymous_1)
FNDA:0,(anonymous_2)
DA:1,2
DA:3,2
DA:4,2
DA:6,2
DA:7,2
DA:8,2
DA:9,2
DA:12,2
DA:13,2
DA:14,2
DA:15,2
DA:16,2
DA:17,2
DA:19,2
DA:20,2
DA:22,2
DA:23,2
DA:24,2
DA:25,2
DA:26,2
DA:27,2
DA:29,2
DA:30,0
DA:36,2
DA:38,2
DA:39,2
DA:40,0
DA:41,0
DA:42,0
DA:43,0
DA:46,2
DA:47,2
DA:48,0
DA:49,0
DA:55,2
LF:35
LH:28
BRDA:46,0,0,2
BRDA:46,0,1,0
BRDA:47,1,0,0
BRDA:47,1,1,2
BRF:4
BRH:2
end_of_record
TN:
SF:middleware\errors.js
FN:2,(anonymous_0)
FN:5,(anonymous_1)
FN:8,(anonymous_2)
FN:11,(anonymous_3)
FN:14,(anonymous_4)
FN:17,(anonymous_5)
FNF:6
FNH:0
FNDA:0,(anonymous_0)
FNDA:0,(anonymous_1)
FNDA:0,(anonymous_2)
FNDA:0,(anonymous_3)
FNDA:0,(anonymous_4)
FNDA:0,(anonymous_5)
DA:1,2
DA:2,0
DA:5,0
DA:8,0
DA:11,0
DA:14,0
DA:17,2
DA:18,0
DA:19,0
LF:9
LH:2
BRDA:18,0,0,0
BRDA:18,0,1,0
BRF:2
BRH:0
end_of_record
TN:
SF:middleware\notFound.js
FN:1,(anonymous_0)
FNF:1
FNH:0
FNDA:0,(anonymous_0)
DA:1,2
DA:2,0
LF:2
LH:1
BRF:0
BRH:0
end_of_record
TN:
SF:routes\categories.js
FN:5,(anonymous_0)
FN:22,(anonymous_1)
FNF:2
FNH:0
FNDA:0,(anonymous_0)
FNDA:0,(anonymous_1)
DA:1,2
DA:2,2
DA:3,2
DA:5,2
DA:8,0
DA:10,0
DA:13,0
DA:18,0
DA:22,2
DA:25,0
DA:27,0
DA:29,0
DA:32,0
DA:37,0
DA:40,2
LF:15
LH:6
BRF:0
BRH:0
end_of_record
TN:
SF:routes\courses.js
FN:5,(anonymous_0)
FN:28,(anonymous_1)
FN:48,(anonymous_2)
FN:87,(anonymous_3)
FN:102,(anonymous_4)
FN:118,(anonymous_5)
FN:134,(anonymous_6)
FN:142,(anonymous_7)
FN:162,(anonymous_8)
FN:183,(anonymous_9)
FN:206,(anonymous_10)
FN:233,(anonymous_11)
FN:250,(anonymous_12)
FN:267,(anonymous_13)
FN:284,(anonymous_14)
FN:314,(anonymous_15)
FN:345,(anonymous_16)
FN:365,(anonymous_17)
FN:390,(anonymous_18)
FN:404,(anonymous_19)
FNF:20
FNH:1
FNDA:0,(anonymous_0)
FNDA:1,(anonymous_1)
FNDA:0,(anonymous_2)
FNDA:0,(anonymous_3)
FNDA:0,(anonymous_4)
FNDA:0,(anonymous_5)
FNDA:0,(anonymous_6)
FNDA:0,(anonymous_7)
FNDA:0,(anonymous_8)
FNDA:0,(anonymous_9)
FNDA:0,(anonymous_10)
FNDA:0,(anonymous_11)
FNDA:0,(anonymous_12)
FNDA:0,(anonymous_13)
FNDA:0,(anonymous_14)
FNDA:0,(anonymous_15)
FNDA:0,(anonymous_16)
FNDA:0,(anonymous_17)
FNDA:0,(anonymous_18)
FNDA:0,(anonymous_19)
DA:1,2
DA:2,2
DA:3,2
DA:5,2
DA:9,0
DA:11,0
DA:15,0
DA:18,0
DA:23,0
DA:28,2
DA:32,1
DA:34,1
DA:36,1
DA:39,1
DA:43,0
DA:48,2
DA:51,0
DA:53,0
DA:55,0
DA:69,0
DA:70,0
DA:73,0
DA:77,0
DA:87,2
DA:89,0
DA:90,0
DA:91,0
DA:92,0
DA:93,0
DA:94,0
DA:99,0
DA:102,2
DA:104,0
DA:105,0
DA:106,0
DA:107,0
DA:108,0
DA:109,0
DA:114,0
DA:118,2
DA:120,0
DA:121,0
DA:122,0
DA:126,0
DA:130,0
DA:134,2
DA:137,0
DA:139,0
DA:142,0
DA:143,0
DA:144,0
DA:146,0
DA:150,0
DA:153,0
DA:155,0
DA:162,2
DA:166,0
DA:168,0
DA:171,0
DA:174,0
DA:179,0
DA:183,2
DA:187,0
DA:189,0
DA:192,0
DA:195,0
DA:200,0
DA:201,0
DA:206,2
DA:210,0
DA:212,0
DA:215,0
DA:224,0
DA:229,0
DA:233,2
DA:235,0
DA:237,0
DA:238,0
DA:239,0
DA:241,0
DA:246,0
DA:250,2
DA:252,0
DA:254,0
DA:255,0
DA:256,0
DA:258,0
DA:263,0
DA:267,2
DA:271,0
DA:272,0
DA:274,0
DA:276,0
DA:280,0
DA:284,2
DA:287,0
DA:289,0
DA:292,0
DA:294,0
DA:304,0
DA:305,0
DA:308,0
DA:310,0
DA:314,2
DA:317,0
DA:319,0
DA:323,0
DA:325,0
DA:327,0
DA:335,0
DA:336,0
DA:339,0
DA:341,0
DA:345,2
DA:348,0
DA:350,0
DA:353,0
DA:356,0
DA:358,0
DA:365,2
DA:367,0
DA:368,0
DA:370,0
DA:372,0
DA:378,0
DA:380,0
DA:382,0
DA:384,0
DA:390,2
DA:391,0
DA:393,0
DA:394,0
DA:396,0
DA:397,0
DA:399,0
DA:404,2
DA:405,0
DA:408,0
DA:411,0
DA:412,0
DA:413,0
DA:415,0
DA:417,0
DA:421,2
LF:144
LH:27
BRDA:143,0,0,0
BRDA:143,0,1,0
BRF:2
BRH:0
end_of_record
TN:
SF:routes\login.js
FN:12,(anonymous_0)
FN:19,(anonymous_1)
FNF:2
FNH:1
FNDA:0,(anonymous_0)
FNDA:1,(anonymous_1)
DA:2,2
DA:3,2
DA:6,2
DA:9,2
DA:12,2
DA:13,0
DA:19,2
DA:22,1
DA:26,1
DA:29,1
DA:32,1
DA:37,1
DA:38,0
DA:44,1
DA:52,2
LF:15
LH:13
BRDA:29,0,0,1
BRDA:29,0,1,0
BRDA:32,1,0,0
BRDA:32,1,1,1
BRDA:37,2,0,0
BRDA:37,2,1,1
BRDA:37,3,0,1
BRDA:37,3,1,1
BRF:8
BRH:5
end_of_record
TN:
SF:routes\suggestions.js
FN:9,(anonymous_0)
FN:25,(anonymous_1)
FN:57,(anonymous_2)
FN:80,(anonymous_3)
FNF:4
FNH:0
FNDA:0,(anonymous_0)
FNDA:0,(anonymous_1)
FNDA:0,(anonymous_2)
FNDA:0,(anonymous_3)
DA:2,2
DA:3,2
DA:6,2
DA:9,2
DA:10,0
DA:12,0
DA:13,0
DA:20,0
DA:25,2
DA:27,0
DA:29,0
DA:31,0
DA:41,0
DA:48,0
DA:53,0
DA:57,2
DA:58,0
DA:60,0
DA:63,0
DA:64,0
DA:71,0
DA:80,2
DA:81,0
DA:82,0
DA:84,0
DA:88,0
DA:91,0
DA:96,0
DA:102,2
LF:29
LH:8
BRF:0
BRH:0
end_of_record
TN:
SF:routes\tasks.js
FN:5,(anonymous_0)
FN:35,(anonymous_1)
FNF:2
FNH:0
FNDA:0,(anonymous_0)
FNDA:0,(anonymous_1)
DA:1,2
DA:2,2
DA:3,2
DA:5,2
DA:9,0
DA:11,0
DA:19,0
DA:21,0
DA:24,0
DA:29,0
DA:35,2
DA:37,0
DA:39,0
DA:47,0
DA:49,0
DA:52,0
DA:57,0
DA:62,2
LF:18
LH:6
BRF:0
BRH:0
end_of_record
TN:
SF:routes\users.js
FN:13,(anonymous_0)
FN:30,(anonymous_1)
FN:51,(anonymous_2)
FN:87,(anonymous_3)
FNF:4
FNH:1
FNDA:0,(anonymous_0)
FNDA:0,(anonymous_1)
FNDA:0,(anonymous_2)
FNDA:1,(anonymous_3)
DA:2,2
DA:3,2
DA:6,2
DA:9,2
DA:13,2
DA:14,0
DA:17,0
DA:18,0
DA:25,0
DA:30,2
DA:32,0
DA:33,0
DA:36,0
DA:37,0
DA:38,0
DA:46,0
DA:51,2
DA:52,0
DA:54,0
DA:56,0
DA:59,0
DA:69,0
DA:73,0
DA:75,0
DA:81,0
DA:87,2
DA:89,1
DA:92,1
DA:93,0
DA:100,1
DA:103,1
DA:106,1
DA:109,1
DA:117,1
DA:119,1
DA:123,1
DA:125,1
DA:128,0
DA:132,2
LF:39
LH:19
BRDA:92,0,0,0
BRDA:92,0,1,1
BRF:2
BRH:1
end_of_record
TN:
SF:src\database.js
FN:8,(anonymous_0)
FNF:1
FNH:1
FNDA:2,(anonymous_0)
DA:1,2
DA:2,2
DA:4,2
DA:6,2
DA:8,2
DA:9,2
DA:10,0
DA:11,0
DA:13,0
DA:14,0
DA:16,0
DA:17,0
DA:21,2
DA:24,2
DA:29,2
DA:31,2
LF:16
LH:10
BRDA:9,0,0,0
BRDA:9,0,1,2
BRDA:10,1,0,0
BRDA:10,1,1,0
BRDA:13,2,0,0
BRDA:13,2,1,0
BRDA:16,3,0,0
BRDA:16,3,1,0
BRDA:21,4,0,2
BRDA:21,4,1,0
BRF:10
BRH:2
end_of_record
TN:
SF:src\keys.js
FNF:0
FNH:0
DA:1,2
LF:1
LH:1
BRF:0
BRH:0
end_of_record
